{"level":"info","message":"Attempting to run server on http://localhost:3000","timestamp":"2024-12-01T20:50:00.781Z"}
{"level":"info","message":"Attempting to run server on http://localhost:3000","timestamp":"2024-12-01T20:51:01.498Z"}
{"level":"info","message":"Attempting to run server on http://localhost:3000","timestamp":"2024-12-01T20:51:13.122Z"}
{"level":"info","message":"Attempting to run server on http://localhost:3000","timestamp":"2024-12-01T20:52:32.971Z"}
{"level":"\u001b[32minfo\u001b[39m","message":"Attempting to run server on http://localhost:3000","metadata":{},"timestamp":"2024-12-01T20:53:08.366Z"}
{"level":"\u001b[32minfo\u001b[39m","message":"Attempting to run server on http://localhost:3000","ms":"+0ms","timestamp":"2024-12-01T20:53:40.071Z"}
{"level":"\u001b[32minfo\u001b[39m","message":"Attempting to run server on http://localhost:3000","ms":"+0ms","timestamp":"2024-12-01T20:54:48.977Z"}
{"level":"\u001b[32minfo\u001b[39m","message":"Attempting to run server on http://localhost:3000","ms":"+0ms","timestamp":"2024-12-01T20:54:55.637Z"}
{"level":"info","message":"Attempting to run server on http://localhost:3000","ms":"+0ms","timestamp":"2024-12-01T20:55:12.114Z"}
{"level":"info","message":"Attempting to run server on http://localhost:3000","ms":"+0ms","timestamp":"2024-12-01T20:55:27.824Z"}
{"level":"info","message":"Attempting to run server on http://:localhost/3000","ms":"+0ms","timestamp":"2024-12-01T20:56:57.595Z"}
{"level":"info","message":"Attempting to run server on http://localhost:3000","ms":"+0ms","timestamp":"2024-12-01T20:57:08.140Z"}
{"level":"info","message":"Attempting to run server on http://localhost:3000","ms":"+0ms","test":"test","timestamp":"2024-12-01T20:57:36.354Z"}
{"level":"info","message":"Attempting to run server on http://localhost:3000","ms":"+0ms","timestamp":"2024-12-01T20:58:06.323Z"}
{"level":"info","message":"Attempting to run server on http://localhost:3000","ms":"+0ms","timestamp":"2024-12-01T20:58:34.160Z"}
{"level":"info","message":"Attempting to run server on http://localhost:3000","ms":"+0ms","timestamp":"2024-12-01T20:58:45.426Z"}
{"level":"info","message":"Attempting to run server on http://localhost:3000","ms":"+0ms","test":"test","timestamp":"2024-12-01T20:59:07.675Z"}
{"level":"info","message":"Attempting to run server on http://localhost:3000","ms":"+0ms","timestamp":"2024-12-01T20:59:15.608Z","try":"me"}
{"level":"info","message":"Attempting to run server on http://localhost:3000","ms":"+0ms","timestamp":"2024-12-01T20:59:25.014Z"}
{"level":"info","message":"Attempting to run server on http://localhost:3000","ms":"+0ms","timestamp":"2024-12-01T20:59:41.884Z"}
{"level":"info","message":"Attempting to run server on http://localhost:3000","ms":"+0ms","timestamp":"2024-12-01T21:00:38.258Z"}
{"level":"info","message":"Attempting to run server on http://localhost:3000","ms":"+0ms","timestamp":"2024-12-01T21:01:59.547Z"}
{"level":"info","message":"Attempting to run server on http://localhost:3000","ms":"+0ms","timestamp":"2024-12-01T21:02:10.015Z"}
{"level":"info","message":"Attempting to run server on http://localhost:3000","ms":"+0ms","test":"test","timestamp":"2024-12-01T21:02:19.431Z"}
{"environment":"/Users/ethan/Documents/practice/crossed/backend/src","level":"info","message":"Attempting to run server on http://localhost:3000","ms":"+0ms","timestamp":"2024-12-01T21:02:38.241Z"}
{"environment":"local","level":"info","message":"Attempting to run server on http://localhost:3000","ms":"+0ms","timestamp":"2024-12-01T21:03:06.209Z"}
{"level":"info","message":"Attempting to run server on http://localhost:3000","ms":"+0ms","timestamp":"2024-12-01T21:03:37.579Z"}
{"level":"info","message":"Attempting to run server on http://localhost:3000","ms":"+0ms","timestamp":"2024-12-01T21:03:39.239Z"}
{"environment":"local","level":"info","message":"Attempting to run server on http://localhost:3000","ms":"+0ms","timestamp":"2024-12-01T21:03:54.581Z"}
{"environment":"local","level":"info","message":"Attempting to run server on http://localhost:3000","ms":"+0ms","timestamp":"2024-12-01T21:04:00.127Z"}
{"environment":"local","level":"info","message":"Attempting to run server on http://localhost:3000","ms":"+0ms","timestamp":"2024-12-01T21:05:02.063Z"}
{"environment":"local","level":"info","message":"Attempting to run server on http://localhost:3000","ms":"+0ms","timestamp":"2024-12-01T21:05:18.297Z"}
{"environment":"local","level":"info","message":"Attempting to run server on http://localhost:3000","ms":"+0ms","timestamp":"2024-12-01T21:05:28.195Z"}
{"environment":"local","level":"info","message":"Attempting to run server on http://localhost:3000","ms":"+0ms","timestamp":"2024-12-01T21:05:44.805Z"}
{"environment":"local","level":"info","message":"Attempting to run server on http://localhost:3000","ms":"+0ms","timestamp":"2024-12-01T21:06:07.064Z"}
{"environment":"local","level":"info","message":"Attempting to run server on http://localhost:3000","ms":"+0ms","timestamp":"2024-12-01T21:47:13.489Z"}
{"environment":"local","level":"info","message":"Attempting to run server on http://localhost:3000","ms":"+0ms","timestamp":"2024-12-01T21:47:47.869Z"}
{"environment":"local","level":"info","message":"Attempting to run server on http://localhost:3000","ms":"+0ms","timestamp":"2024-12-01T21:48:07.455Z"}
{"environment":"local","level":"info","message":"Running server on http://localhost:3000","ms":"+0ms","timestamp":"2024-12-01T21:48:34.998Z"}
{"environment":"local","level":"info","message":"Running server on http://localhost:3000","ms":"+0ms","timestamp":"2024-12-01T21:48:44.439Z"}
{"environment":"local","level":"info","message":"Running server on http://localhost:3000","ms":"+0ms","timestamp":"2024-12-01T21:48:55.404Z"}
{"environment":"local","level":"info","message":"Running server on http://localhost:3000","ms":"+0ms","timestamp":"2024-12-01T21:49:14.971Z"}
{"environment":"local","level":"info","message":"Running server on http://localhost:3000","ms":"+0ms","timestamp":"2024-12-01T21:54:01.103Z"}
{"environment":"local","level":"info","message":"Running server on http://localhost:3000","ms":"+0ms","timestamp":"2024-12-01T22:03:33.218Z"}
{"environment":"local","level":"info","message":"Running server on http://localhost:3000","ms":"+0ms","timestamp":"2024-12-01T22:14:36.343Z"}
{"environment":"local","level":"info","message":"Running server on http://localhost:3000","ms":"+0ms","timestamp":"2024-12-01T22:21:30.888Z"}
{"environment":"local","level":"info","message":"Running server on http://localhost:3000","ms":"+0ms","timestamp":"2024-12-01T22:28:41.301Z"}
{"environment":"local","level":"info","message":"Running server on http://localhost:3000","ms":"+0ms","timestamp":"2024-12-01T22:29:00.087Z"}
{"environment":"local","level":"info","message":"Running server on http://localhost:3000","ms":"+0ms","timestamp":"2024-12-01T22:39:04.747Z"}
{"environment":"local","level":"info","message":"Running server on http://localhost:3000","ms":"+0ms","timestamp":"2024-12-01T22:39:38.400Z"}
{"environment":"local","level":"info","message":"Running server on http://localhost:3000","ms":"+0ms","timestamp":"2024-12-01T22:39:44.565Z"}
{"environment":"local","level":"info","message":"Running server on http://localhost:3000","ms":"+0ms","timestamp":"2024-12-01T22:39:50.670Z"}
{"environment":"local","level":"info","message":"Running server on http://localhost:3000","ms":"+0ms","timestamp":"2024-12-01T22:43:14.680Z"}
{"environment":"local","level":"info","message":"Running server on http://localhost:3000","ms":"+0ms","timestamp":"2024-12-01T22:43:35.905Z"}
{"environment":"local","level":"info","message":"Running server on http://localhost:3000","ms":"+0ms","timestamp":"2024-12-01T22:47:17.310Z"}
{"environment":"local","level":"info","message":"Running server on http://localhost:3000","ms":"+0ms","timestamp":"2024-12-01T22:59:00.679Z"}
{"environment":"local","level":"info","message":"Running server on http://localhost:3000","ms":"+0ms","timestamp":"2024-12-01T22:59:27.072Z"}
{"environment":"local","level":"info","message":"Running server on http://localhost:3000","ms":"+0ms","timestamp":"2024-12-01T22:59:42.949Z"}
{"environment":"local","level":"info","message":"Running server on http://localhost:3000","ms":"+0ms","timestamp":"2024-12-01T22:59:49.935Z"}
{"environment":"local","level":"info","message":"Running server on http://localhost:3000","ms":"+0ms","timestamp":"2024-12-01T23:01:09.327Z"}
{"environment":"local","level":"info","message":"Running server on http://localhost:3000","ms":"+0ms","timestamp":"2024-12-01T23:01:13.868Z"}
